{"/Users/matthewzelten/csc307/NoteTaking/backend/connections.js": {"path":"/Users/matthewzelten/csc307/NoteTaking/backend/connections.js","statementMap":{"0":{"start":{"line":1,"column":17},"end":{"line":1,"column":36}},"1":{"start":{"line":2,"column":15},"end":{"line":2,"column":32}},"2":{"start":{"line":3,"column":0},"end":{"line":3,"column":16}},"3":{"start":{"line":6,"column":15},"end":{"line":11,"column":5}},"4":{"start":{"line":12,"column":4},"end":{"line":14,"column":7}},"5":{"start":{"line":13,"column":8},"end":{"line":13,"column":57}},"6":{"start":{"line":15,"column":4},"end":{"line":22,"column":7}},"7":{"start":{"line":16,"column":8},"end":{"line":18,"column":10}},"8":{"start":{"line":19,"column":8},"end":{"line":21,"column":10}},"9":{"start":{"line":20,"column":12},"end":{"line":20,"column":77}},"10":{"start":{"line":23,"column":4},"end":{"line":23,"column":13}},"11":{"start":{"line":26,"column":25},"end":{"line":32,"column":1}},"12":{"start":{"line":34,"column":23},"end":{"line":40,"column":1}},"13":{"start":{"line":42,"column":0},"end":{"line":45,"column":1}}},"fnMap":{"0":{"name":"makeNewConnection","decl":{"start":{"line":5,"column":9},"end":{"line":5,"column":26}},"loc":{"start":{"line":5,"column":32},"end":{"line":24,"column":1}},"line":5},"1":{"name":"(anonymous_1)","decl":{"start":{"line":12,"column":23},"end":{"line":12,"column":24}},"loc":{"start":{"line":12,"column":35},"end":{"line":14,"column":5}},"line":12},"2":{"name":"(anonymous_2)","decl":{"start":{"line":15,"column":19},"end":{"line":15,"column":20}},"loc":{"start":{"line":15,"column":36},"end":{"line":22,"column":5}},"line":15},"3":{"name":"(anonymous_3)","decl":{"start":{"line":19,"column":25},"end":{"line":19,"column":26}},"loc":{"start":{"line":20,"column":12},"end":{"line":20,"column":77}},"line":20}},"branchMap":{},"s":{"0":1,"1":1,"2":1,"3":2,"4":2,"5":0,"6":2,"7":0,"8":0,"9":0,"10":2,"11":1,"12":1,"13":1},"f":{"0":2,"1":0,"2":0,"3":0},"b":{},"_coverageSchema":"1a1c01bbd47fc00a2c39e90264f33305004495a9","hash":"3c0f584a00055d1885434d91414d3eba36be2eb4"}
,"/Users/matthewzelten/csc307/NoteTaking/backend/sample.js": {"path":"/Users/matthewzelten/csc307/NoteTaking/backend/sample.js","statementMap":{"0":{"start":{"line":1,"column":16},"end":{"line":1,"column":34}},"1":{"start":{"line":2,"column":17},"end":{"line":2,"column":36}},"2":{"start":{"line":3,"column":15},"end":{"line":3,"column":56}},"3":{"start":{"line":4,"column":12},"end":{"line":4,"column":21}},"4":{"start":{"line":5,"column":13},"end":{"line":5,"column":28}},"5":{"start":{"line":6,"column":13},"end":{"line":6,"column":17}},"6":{"start":{"line":7,"column":17},"end":{"line":7,"column":35}},"7":{"start":{"line":9,"column":0},"end":{"line":9,"column":16}},"8":{"start":{"line":10,"column":0},"end":{"line":10,"column":24}},"9":{"start":{"line":13,"column":17},"end":{"line":13,"column":38}},"10":{"start":{"line":14,"column":4},"end":{"line":14,"column":18}},"11":{"start":{"line":18,"column":19},"end":{"line":18,"column":50}},"12":{"start":{"line":19,"column":4},"end":{"line":19,"column":17}},"13":{"start":{"line":22,"column":17},"end":{"line":24,"column":11}},"14":{"start":{"line":23,"column":18},"end":{"line":23,"column":45}},"15":{"start":{"line":25,"column":4},"end":{"line":29,"column":5}},"16":{"start":{"line":26,"column":8},"end":{"line":26,"column":25}},"17":{"start":{"line":28,"column":8},"end":{"line":28,"column":64}},"18":{"start":{"line":28,"column":37},"end":{"line":28,"column":62}},"19":{"start":{"line":32,"column":4},"end":{"line":32,"column":34}},"20":{"start":{"line":35,"column":4},"end":{"line":37,"column":31}},"21":{"start":{"line":36,"column":24},"end":{"line":36,"column":43}},"22":{"start":{"line":40,"column":4},"end":{"line":45,"column":5}},"23":{"start":{"line":40,"column":17},"end":{"line":40,"column":18}},"24":{"start":{"line":41,"column":8},"end":{"line":44,"column":9}},"25":{"start":{"line":42,"column":12},"end":{"line":42,"column":56}},"26":{"start":{"line":43,"column":12},"end":{"line":43,"column":19}},"27":{"start":{"line":48,"column":19},"end":{"line":50,"column":11}},"28":{"start":{"line":49,"column":20},"end":{"line":49,"column":44}},"29":{"start":{"line":51,"column":4},"end":{"line":56,"column":5}},"30":{"start":{"line":51,"column":17},"end":{"line":51,"column":18}},"31":{"start":{"line":52,"column":8},"end":{"line":55,"column":9}},"32":{"start":{"line":53,"column":12},"end":{"line":53,"column":43}},"33":{"start":{"line":54,"column":12},"end":{"line":54,"column":19}},"34":{"start":{"line":58,"column":0},"end":{"line":58,"column":24}},"35":{"start":{"line":60,"column":0},"end":{"line":63,"column":3}},"36":{"start":{"line":61,"column":23},"end":{"line":61,"column":44}},"37":{"start":{"line":62,"column":4},"end":{"line":62,"column":25}},"38":{"start":{"line":66,"column":0},"end":{"line":84,"column":3}},"39":{"start":{"line":67,"column":23},"end":{"line":67,"column":47}},"40":{"start":{"line":68,"column":18},"end":{"line":68,"column":35}},"41":{"start":{"line":69,"column":19},"end":{"line":69,"column":47}},"42":{"start":{"line":70,"column":4},"end":{"line":83,"column":5}},"43":{"start":{"line":71,"column":8},"end":{"line":71,"column":50}},"44":{"start":{"line":73,"column":8},"end":{"line":82,"column":9}},"45":{"start":{"line":74,"column":12},"end":{"line":74,"column":41}},"46":{"start":{"line":76,"column":12},"end":{"line":81,"column":13}},"47":{"start":{"line":77,"column":16},"end":{"line":77,"column":45}},"48":{"start":{"line":80,"column":16},"end":{"line":80,"column":71}},"49":{"start":{"line":86,"column":0},"end":{"line":109,"column":3}},"50":{"start":{"line":87,"column":18},"end":{"line":87,"column":42}},"51":{"start":{"line":88,"column":22},"end":{"line":88,"column":40}},"52":{"start":{"line":89,"column":19},"end":{"line":89,"column":36}},"53":{"start":{"line":90,"column":4},"end":{"line":108,"column":5}},"54":{"start":{"line":91,"column":8},"end":{"line":91,"column":50}},"55":{"start":{"line":93,"column":8},"end":{"line":93,"column":44}},"56":{"start":{"line":94,"column":8},"end":{"line":107,"column":9}},"57":{"start":{"line":95,"column":12},"end":{"line":95,"column":52}},"58":{"start":{"line":97,"column":12},"end":{"line":106,"column":13}},"59":{"start":{"line":98,"column":16},"end":{"line":98,"column":51}},"60":{"start":{"line":100,"column":30},"end":{"line":100,"column":38}},"61":{"start":{"line":101,"column":16},"end":{"line":105,"column":17}},"62":{"start":{"line":102,"column":20},"end":{"line":102,"column":55}},"63":{"start":{"line":104,"column":20},"end":{"line":104,"column":75}},"64":{"start":{"line":112,"column":0},"end":{"line":112,"column":42}},"65":{"start":{"line":114,"column":0},"end":{"line":124,"column":3}},"66":{"start":{"line":115,"column":49},"end":{"line":115,"column":57}},"67":{"start":{"line":116,"column":4},"end":{"line":116,"column":29}},"68":{"start":{"line":117,"column":4},"end":{"line":123,"column":5}},"69":{"start":{"line":118,"column":28},"end":{"line":118,"column":76}},"70":{"start":{"line":119,"column":8},"end":{"line":119,"column":27}},"71":{"start":{"line":120,"column":8},"end":{"line":120,"column":48}},"72":{"start":{"line":122,"column":8},"end":{"line":122,"column":59}},"73":{"start":{"line":126,"column":0},"end":{"line":137,"column":3}},"74":{"start":{"line":127,"column":22},"end":{"line":127,"column":44}},"75":{"start":{"line":128,"column":18},"end":{"line":128,"column":42}},"76":{"start":{"line":129,"column":17},"end":{"line":129,"column":51}},"77":{"start":{"line":130,"column":4},"end":{"line":136,"column":5}},"78":{"start":{"line":131,"column":8},"end":{"line":131,"column":37}},"79":{"start":{"line":132,"column":8},"end":{"line":132,"column":34}},"80":{"start":{"line":133,"column":8},"end":{"line":133,"column":46}},"81":{"start":{"line":135,"column":8},"end":{"line":135,"column":59}},"82":{"start":{"line":139,"column":0},"end":{"line":148,"column":3}},"83":{"start":{"line":140,"column":27},"end":{"line":140,"column":43}},"84":{"start":{"line":141,"column":17},"end":{"line":141,"column":43}},"85":{"start":{"line":142,"column":4},"end":{"line":147,"column":5}},"86":{"start":{"line":143,"column":8},"end":{"line":143,"column":45}},"87":{"start":{"line":145,"column":8},"end":{"line":145,"column":37}},"88":{"start":{"line":146,"column":8},"end":{"line":146,"column":30}},"89":{"start":{"line":150,"column":0},"end":{"line":159,"column":3}},"90":{"start":{"line":151,"column":25},"end":{"line":151,"column":41}},"91":{"start":{"line":152,"column":17},"end":{"line":152,"column":51}},"92":{"start":{"line":153,"column":4},"end":{"line":158,"column":5}},"93":{"start":{"line":154,"column":8},"end":{"line":154,"column":43}},"94":{"start":{"line":156,"column":8},"end":{"line":156,"column":45}},"95":{"start":{"line":157,"column":8},"end":{"line":157,"column":30}},"96":{"start":{"line":160,"column":0},"end":{"line":162,"column":3}},"97":{"start":{"line":161,"column":4},"end":{"line":161,"column":69}}},"fnMap":{"0":{"name":"getAllFolders","decl":{"start":{"line":12,"column":15},"end":{"line":12,"column":28}},"loc":{"start":{"line":12,"column":31},"end":{"line":15,"column":1}},"line":12},"1":{"name":"findFolder","decl":{"start":{"line":17,"column":15},"end":{"line":17,"column":25}},"loc":{"start":{"line":17,"column":32},"end":{"line":20,"column":1}},"line":17},"2":{"name":"findNote","decl":{"start":{"line":21,"column":15},"end":{"line":21,"column":23}},"loc":{"start":{"line":21,"column":46},"end":{"line":30,"column":1}},"line":21},"3":{"name":"(anonymous_3)","decl":{"start":{"line":23,"column":8},"end":{"line":23,"column":9}},"loc":{"start":{"line":23,"column":18},"end":{"line":23,"column":45}},"line":23},"4":{"name":"(anonymous_4)","decl":{"start":{"line":28,"column":27},"end":{"line":28,"column":28}},"loc":{"start":{"line":28,"column":37},"end":{"line":28,"column":62}},"line":28},"5":{"name":"addFolder","decl":{"start":{"line":31,"column":15},"end":{"line":31,"column":24}},"loc":{"start":{"line":31,"column":33},"end":{"line":33,"column":1}},"line":31},"6":{"name":"addNote","decl":{"start":{"line":34,"column":15},"end":{"line":34,"column":22}},"loc":{"start":{"line":34,"column":41},"end":{"line":38,"column":1}},"line":34},"7":{"name":"(anonymous_7)","decl":{"start":{"line":36,"column":14},"end":{"line":36,"column":15}},"loc":{"start":{"line":36,"column":24},"end":{"line":36,"column":43}},"line":36},"8":{"name":"deleteFolder","decl":{"start":{"line":39,"column":15},"end":{"line":39,"column":27}},"loc":{"start":{"line":39,"column":44},"end":{"line":46,"column":1}},"line":39},"9":{"name":"deleteNote","decl":{"start":{"line":47,"column":15},"end":{"line":47,"column":25}},"loc":{"start":{"line":47,"column":40},"end":{"line":57,"column":1}},"line":47},"10":{"name":"(anonymous_10)","decl":{"start":{"line":49,"column":8},"end":{"line":49,"column":9}},"loc":{"start":{"line":49,"column":20},"end":{"line":49,"column":44}},"line":49},"11":{"name":"(anonymous_11)","decl":{"start":{"line":60,"column":13},"end":{"line":60,"column":14}},"loc":{"start":{"line":60,"column":33},"end":{"line":63,"column":1}},"line":60},"12":{"name":"(anonymous_12)","decl":{"start":{"line":66,"column":24},"end":{"line":66,"column":25}},"loc":{"start":{"line":66,"column":44},"end":{"line":84,"column":1}},"line":66},"13":{"name":"(anonymous_13)","decl":{"start":{"line":86,"column":31},"end":{"line":86,"column":32}},"loc":{"start":{"line":86,"column":45},"end":{"line":109,"column":1}},"line":86},"14":{"name":"(anonymous_14)","decl":{"start":{"line":112,"column":24},"end":{"line":112,"column":25}},"loc":{"start":{"line":112,"column":38},"end":{"line":112,"column":40}},"line":112},"15":{"name":"(anonymous_15)","decl":{"start":{"line":114,"column":14},"end":{"line":114,"column":15}},"loc":{"start":{"line":114,"column":28},"end":{"line":124,"column":1}},"line":114},"16":{"name":"(anonymous_16)","decl":{"start":{"line":126,"column":35},"end":{"line":126,"column":36}},"loc":{"start":{"line":126,"column":49},"end":{"line":137,"column":1}},"line":126},"17":{"name":"(anonymous_17)","decl":{"start":{"line":139,"column":16},"end":{"line":139,"column":17}},"loc":{"start":{"line":139,"column":30},"end":{"line":148,"column":1}},"line":139},"18":{"name":"(anonymous_18)","decl":{"start":{"line":150,"column":27},"end":{"line":150,"column":28}},"loc":{"start":{"line":150,"column":41},"end":{"line":159,"column":1}},"line":150},"19":{"name":"(anonymous_19)","decl":{"start":{"line":160,"column":17},"end":{"line":160,"column":18}},"loc":{"start":{"line":160,"column":23},"end":{"line":162,"column":1}},"line":160}},"branchMap":{"0":{"loc":{"start":{"line":25,"column":4},"end":{"line":29,"column":5}},"type":"if","locations":[{"start":{"line":25,"column":4},"end":{"line":29,"column":5}},{"start":{"line":27,"column":11},"end":{"line":29,"column":5}}],"line":25},"1":{"loc":{"start":{"line":41,"column":8},"end":{"line":44,"column":9}},"type":"if","locations":[{"start":{"line":41,"column":8},"end":{"line":44,"column":9}},{"start":{},"end":{}}],"line":41},"2":{"loc":{"start":{"line":52,"column":8},"end":{"line":55,"column":9}},"type":"if","locations":[{"start":{"line":52,"column":8},"end":{"line":55,"column":9}},{"start":{},"end":{}}],"line":52},"3":{"loc":{"start":{"line":70,"column":4},"end":{"line":83,"column":5}},"type":"if","locations":[{"start":{"line":70,"column":4},"end":{"line":83,"column":5}},{"start":{"line":72,"column":11},"end":{"line":83,"column":5}}],"line":70},"4":{"loc":{"start":{"line":70,"column":8},"end":{"line":70,"column":50}},"type":"binary-expr","locations":[{"start":{"line":70,"column":8},"end":{"line":70,"column":28}},{"start":{"line":70,"column":32},"end":{"line":70,"column":50}}],"line":70},"5":{"loc":{"start":{"line":73,"column":8},"end":{"line":82,"column":9}},"type":"if","locations":[{"start":{"line":73,"column":8},"end":{"line":82,"column":9}},{"start":{"line":75,"column":15},"end":{"line":82,"column":9}}],"line":73},"6":{"loc":{"start":{"line":76,"column":12},"end":{"line":81,"column":13}},"type":"if","locations":[{"start":{"line":76,"column":12},"end":{"line":81,"column":13}},{"start":{"line":78,"column":19},"end":{"line":81,"column":13}}],"line":76},"7":{"loc":{"start":{"line":90,"column":4},"end":{"line":108,"column":5}},"type":"if","locations":[{"start":{"line":90,"column":4},"end":{"line":108,"column":5}},{"start":{"line":92,"column":11},"end":{"line":108,"column":5}}],"line":90},"8":{"loc":{"start":{"line":90,"column":8},"end":{"line":90,"column":50}},"type":"binary-expr","locations":[{"start":{"line":90,"column":8},"end":{"line":90,"column":28}},{"start":{"line":90,"column":32},"end":{"line":90,"column":50}}],"line":90},"9":{"loc":{"start":{"line":94,"column":8},"end":{"line":107,"column":9}},"type":"if","locations":[{"start":{"line":94,"column":8},"end":{"line":107,"column":9}},{"start":{"line":96,"column":15},"end":{"line":107,"column":9}}],"line":94},"10":{"loc":{"start":{"line":94,"column":12},"end":{"line":94,"column":54}},"type":"binary-expr","locations":[{"start":{"line":94,"column":12},"end":{"line":94,"column":32}},{"start":{"line":94,"column":36},"end":{"line":94,"column":54}}],"line":94},"11":{"loc":{"start":{"line":97,"column":12},"end":{"line":106,"column":13}},"type":"if","locations":[{"start":{"line":97,"column":12},"end":{"line":106,"column":13}},{"start":{"line":99,"column":19},"end":{"line":106,"column":13}}],"line":97},"12":{"loc":{"start":{"line":101,"column":16},"end":{"line":105,"column":17}},"type":"if","locations":[{"start":{"line":101,"column":16},"end":{"line":105,"column":17}},{"start":{"line":103,"column":23},"end":{"line":105,"column":17}}],"line":101},"13":{"loc":{"start":{"line":117,"column":4},"end":{"line":123,"column":5}},"type":"if","locations":[{"start":{"line":117,"column":4},"end":{"line":123,"column":5}},{"start":{"line":121,"column":11},"end":{"line":123,"column":5}}],"line":117},"14":{"loc":{"start":{"line":130,"column":4},"end":{"line":136,"column":5}},"type":"if","locations":[{"start":{"line":130,"column":4},"end":{"line":136,"column":5}},{"start":{"line":134,"column":11},"end":{"line":136,"column":5}}],"line":130},"15":{"loc":{"start":{"line":130,"column":8},"end":{"line":130,"column":50}},"type":"binary-expr","locations":[{"start":{"line":130,"column":8},"end":{"line":130,"column":28}},{"start":{"line":130,"column":32},"end":{"line":130,"column":50}}],"line":130},"16":{"loc":{"start":{"line":142,"column":4},"end":{"line":147,"column":5}},"type":"if","locations":[{"start":{"line":142,"column":4},"end":{"line":147,"column":5}},{"start":{"line":144,"column":11},"end":{"line":147,"column":5}}],"line":142},"17":{"loc":{"start":{"line":142,"column":8},"end":{"line":142,"column":50}},"type":"binary-expr","locations":[{"start":{"line":142,"column":8},"end":{"line":142,"column":28}},{"start":{"line":142,"column":32},"end":{"line":142,"column":50}}],"line":142},"18":{"loc":{"start":{"line":153,"column":4},"end":{"line":158,"column":5}},"type":"if","locations":[{"start":{"line":153,"column":4},"end":{"line":158,"column":5}},{"start":{"line":155,"column":11},"end":{"line":158,"column":5}}],"line":153},"19":{"loc":{"start":{"line":153,"column":8},"end":{"line":153,"column":50}},"type":"binary-expr","locations":[{"start":{"line":153,"column":8},"end":{"line":153,"column":28}},{"start":{"line":153,"column":32},"end":{"line":153,"column":50}}],"line":153}},"s":{"0":1,"1":1,"2":1,"3":1,"4":1,"5":1,"6":1,"7":1,"8":1,"9":0,"10":0,"11":0,"12":0,"13":0,"14":0,"15":0,"16":0,"17":0,"18":0,"19":0,"20":0,"21":0,"22":0,"23":0,"24":0,"25":0,"26":0,"27":0,"28":0,"29":0,"30":0,"31":0,"32":0,"33":0,"34":1,"35":1,"36":0,"37":0,"38":1,"39":0,"40":0,"41":0,"42":0,"43":0,"44":0,"45":0,"46":0,"47":0,"48":0,"49":1,"50":0,"51":0,"52":0,"53":0,"54":0,"55":0,"56":0,"57":0,"58":0,"59":0,"60":0,"61":0,"62":0,"63":0,"64":1,"65":1,"66":0,"67":0,"68":0,"69":0,"70":0,"71":0,"72":0,"73":1,"74":0,"75":0,"76":0,"77":0,"78":0,"79":0,"80":0,"81":0,"82":1,"83":0,"84":0,"85":0,"86":0,"87":0,"88":0,"89":1,"90":0,"91":0,"92":0,"93":0,"94":0,"95":0,"96":1,"97":0},"f":{"0":0,"1":0,"2":0,"3":0,"4":0,"5":0,"6":0,"7":0,"8":0,"9":0,"10":0,"11":0,"12":0,"13":0,"14":0,"15":0,"16":0,"17":0,"18":0,"19":0},"b":{"0":[0,0],"1":[0,0],"2":[0,0],"3":[0,0],"4":[0,0],"5":[0,0],"6":[0,0],"7":[0,0],"8":[0,0],"9":[0,0],"10":[0,0],"11":[0,0],"12":[0,0],"13":[0,0],"14":[0,0],"15":[0,0],"16":[0,0],"17":[0,0],"18":[0,0],"19":[0,0]},"_coverageSchema":"1a1c01bbd47fc00a2c39e90264f33305004495a9","hash":"c7b9f3e24d576b074715ad48c0c4f68341da17a1"}
,"/Users/matthewzelten/csc307/NoteTaking/backend/Database/Models/folderSchema.js": {"path":"/Users/matthewzelten/csc307/NoteTaking/backend/Database/Models/folderSchema.js","statementMap":{"0":{"start":{"line":1,"column":17},"end":{"line":1,"column":36}},"1":{"start":{"line":2,"column":27},"end":{"line":2,"column":55}},"2":{"start":{"line":3,"column":23},"end":{"line":3,"column":32}},"3":{"start":{"line":5,"column":21},"end":{"line":24,"column":33}},"4":{"start":{"line":26,"column":15},"end":{"line":26,"column":61}},"5":{"start":{"line":28,"column":0},"end":{"line":28,"column":24}}},"fnMap":{},"branchMap":{},"s":{"0":1,"1":1,"2":1,"3":1,"4":1,"5":1},"f":{},"b":{},"_coverageSchema":"1a1c01bbd47fc00a2c39e90264f33305004495a9","hash":"478fc1172ccc799450bf9a0aad5509278269bc4b"}
}
