{"/Users/matthewzelten/csc307/NoteTaking/backend/connections.js": {"path":"/Users/matthewzelten/csc307/NoteTaking/backend/connections.js","statementMap":{"0":{"start":{"line":1,"column":17},"end":{"line":1,"column":36}},"1":{"start":{"line":2,"column":15},"end":{"line":2,"column":32}},"2":{"start":{"line":3,"column":21},"end":{"line":3,"column":62}},"3":{"start":{"line":4,"column":19},"end":{"line":4,"column":58}},"4":{"start":{"line":5,"column":0},"end":{"line":5,"column":16}},"5":{"start":{"line":8,"column":19},"end":{"line":8,"column":65}},"6":{"start":{"line":9,"column":17},"end":{"line":9,"column":38}},"7":{"start":{"line":10,"column":4},"end":{"line":10,"column":18}},"8":{"start":{"line":14,"column":19},"end":{"line":14,"column":65}},"9":{"start":{"line":15,"column":19},"end":{"line":15,"column":50}},"10":{"start":{"line":16,"column":4},"end":{"line":16,"column":17}},"11":{"start":{"line":19,"column":17},"end":{"line":21,"column":11}},"12":{"start":{"line":20,"column":18},"end":{"line":20,"column":45}},"13":{"start":{"line":22,"column":4},"end":{"line":26,"column":5}},"14":{"start":{"line":23,"column":8},"end":{"line":23,"column":25}},"15":{"start":{"line":25,"column":8},"end":{"line":25,"column":64}},"16":{"start":{"line":25,"column":37},"end":{"line":25,"column":62}},"17":{"start":{"line":29,"column":4},"end":{"line":29,"column":34}},"18":{"start":{"line":32,"column":4},"end":{"line":34,"column":31}},"19":{"start":{"line":33,"column":24},"end":{"line":33,"column":43}},"20":{"start":{"line":37,"column":4},"end":{"line":42,"column":5}},"21":{"start":{"line":37,"column":17},"end":{"line":37,"column":18}},"22":{"start":{"line":38,"column":8},"end":{"line":41,"column":9}},"23":{"start":{"line":39,"column":12},"end":{"line":39,"column":56}},"24":{"start":{"line":40,"column":12},"end":{"line":40,"column":19}},"25":{"start":{"line":45,"column":19},"end":{"line":47,"column":11}},"26":{"start":{"line":46,"column":20},"end":{"line":46,"column":44}},"27":{"start":{"line":48,"column":4},"end":{"line":53,"column":5}},"28":{"start":{"line":48,"column":17},"end":{"line":48,"column":18}},"29":{"start":{"line":49,"column":8},"end":{"line":52,"column":9}},"30":{"start":{"line":50,"column":12},"end":{"line":50,"column":43}},"31":{"start":{"line":51,"column":12},"end":{"line":51,"column":19}},"32":{"start":{"line":57,"column":15},"end":{"line":62,"column":5}},"33":{"start":{"line":63,"column":4},"end":{"line":65,"column":7}},"34":{"start":{"line":64,"column":8},"end":{"line":64,"column":57}},"35":{"start":{"line":66,"column":4},"end":{"line":73,"column":7}},"36":{"start":{"line":67,"column":8},"end":{"line":69,"column":10}},"37":{"start":{"line":70,"column":8},"end":{"line":72,"column":10}},"38":{"start":{"line":71,"column":12},"end":{"line":71,"column":77}},"39":{"start":{"line":74,"column":4},"end":{"line":74,"column":13}},"40":{"start":{"line":77,"column":25},"end":{"line":83,"column":1}},"41":{"start":{"line":85,"column":23},"end":{"line":91,"column":1}},"42":{"start":{"line":93,"column":15},"end":{"line":93,"column":61}},"43":{"start":{"line":94,"column":13},"end":{"line":94,"column":53}},"44":{"start":{"line":96,"column":0},"end":{"line":106,"column":1}}},"fnMap":{"0":{"name":"getAllFolders","decl":{"start":{"line":7,"column":15},"end":{"line":7,"column":28}},"loc":{"start":{"line":7,"column":31},"end":{"line":11,"column":1}},"line":7},"1":{"name":"findFolder","decl":{"start":{"line":13,"column":15},"end":{"line":13,"column":25}},"loc":{"start":{"line":13,"column":32},"end":{"line":17,"column":1}},"line":13},"2":{"name":"findNote","decl":{"start":{"line":18,"column":15},"end":{"line":18,"column":23}},"loc":{"start":{"line":18,"column":46},"end":{"line":27,"column":1}},"line":18},"3":{"name":"(anonymous_3)","decl":{"start":{"line":20,"column":8},"end":{"line":20,"column":9}},"loc":{"start":{"line":20,"column":18},"end":{"line":20,"column":45}},"line":20},"4":{"name":"(anonymous_4)","decl":{"start":{"line":25,"column":27},"end":{"line":25,"column":28}},"loc":{"start":{"line":25,"column":37},"end":{"line":25,"column":62}},"line":25},"5":{"name":"addFolder","decl":{"start":{"line":28,"column":15},"end":{"line":28,"column":24}},"loc":{"start":{"line":28,"column":33},"end":{"line":30,"column":1}},"line":28},"6":{"name":"addNote","decl":{"start":{"line":31,"column":15},"end":{"line":31,"column":22}},"loc":{"start":{"line":31,"column":41},"end":{"line":35,"column":1}},"line":31},"7":{"name":"(anonymous_7)","decl":{"start":{"line":33,"column":14},"end":{"line":33,"column":15}},"loc":{"start":{"line":33,"column":24},"end":{"line":33,"column":43}},"line":33},"8":{"name":"deleteFolder","decl":{"start":{"line":36,"column":15},"end":{"line":36,"column":27}},"loc":{"start":{"line":36,"column":44},"end":{"line":43,"column":1}},"line":36},"9":{"name":"deleteNote","decl":{"start":{"line":44,"column":15},"end":{"line":44,"column":25}},"loc":{"start":{"line":44,"column":40},"end":{"line":54,"column":1}},"line":44},"10":{"name":"(anonymous_10)","decl":{"start":{"line":46,"column":8},"end":{"line":46,"column":9}},"loc":{"start":{"line":46,"column":20},"end":{"line":46,"column":44}},"line":46},"11":{"name":"makeNewConnection","decl":{"start":{"line":56,"column":9},"end":{"line":56,"column":26}},"loc":{"start":{"line":56,"column":32},"end":{"line":75,"column":1}},"line":56},"12":{"name":"(anonymous_12)","decl":{"start":{"line":63,"column":23},"end":{"line":63,"column":24}},"loc":{"start":{"line":63,"column":35},"end":{"line":65,"column":5}},"line":63},"13":{"name":"(anonymous_13)","decl":{"start":{"line":66,"column":19},"end":{"line":66,"column":20}},"loc":{"start":{"line":66,"column":36},"end":{"line":73,"column":5}},"line":66},"14":{"name":"(anonymous_14)","decl":{"start":{"line":70,"column":25},"end":{"line":70,"column":26}},"loc":{"start":{"line":71,"column":12},"end":{"line":71,"column":77}},"line":71}},"branchMap":{"0":{"loc":{"start":{"line":22,"column":4},"end":{"line":26,"column":5}},"type":"if","locations":[{"start":{"line":22,"column":4},"end":{"line":26,"column":5}},{"start":{"line":24,"column":11},"end":{"line":26,"column":5}}],"line":22},"1":{"loc":{"start":{"line":38,"column":8},"end":{"line":41,"column":9}},"type":"if","locations":[{"start":{"line":38,"column":8},"end":{"line":41,"column":9}},{"start":{},"end":{}}],"line":38},"2":{"loc":{"start":{"line":49,"column":8},"end":{"line":52,"column":9}},"type":"if","locations":[{"start":{"line":49,"column":8},"end":{"line":52,"column":9}},{"start":{},"end":{}}],"line":49}},"s":{"0":1,"1":1,"2":1,"3":1,"4":1,"5":0,"6":0,"7":0,"8":0,"9":0,"10":0,"11":0,"12":0,"13":0,"14":0,"15":0,"16":0,"17":0,"18":0,"19":0,"20":0,"21":0,"22":0,"23":0,"24":0,"25":0,"26":0,"27":0,"28":0,"29":0,"30":0,"31":0,"32":2,"33":2,"34":0,"35":2,"36":0,"37":0,"38":0,"39":2,"40":1,"41":1,"42":1,"43":1,"44":1},"f":{"0":0,"1":0,"2":0,"3":0,"4":0,"5":0,"6":0,"7":0,"8":0,"9":0,"10":0,"11":2,"12":0,"13":0,"14":0},"b":{"0":[0,0],"1":[0,0],"2":[0,0]},"_coverageSchema":"1a1c01bbd47fc00a2c39e90264f33305004495a9","hash":"79fa094b5e4d1f7114f9c9b65ce3cc9ecda6440d"}
,"/Users/matthewzelten/csc307/NoteTaking/backend/Database/Models/folderSchema.js": {"path":"/Users/matthewzelten/csc307/NoteTaking/backend/Database/Models/folderSchema.js","statementMap":{"0":{"start":{"line":1,"column":17},"end":{"line":1,"column":36}},"1":{"start":{"line":2,"column":27},"end":{"line":2,"column":55}},"2":{"start":{"line":3,"column":23},"end":{"line":3,"column":32}},"3":{"start":{"line":5,"column":21},"end":{"line":24,"column":33}},"4":{"start":{"line":26,"column":0},"end":{"line":26,"column":30}}},"fnMap":{},"branchMap":{},"s":{"0":1,"1":1,"2":1,"3":1,"4":1},"f":{},"b":{},"_coverageSchema":"1a1c01bbd47fc00a2c39e90264f33305004495a9","hash":"c61f1f3b1b4808701f2797a1c791b5c014930266"}
,"/Users/matthewzelten/csc307/NoteTaking/backend/Database/Models/noteSchema.js": {"path":"/Users/matthewzelten/csc307/NoteTaking/backend/Database/Models/noteSchema.js","statementMap":{"0":{"start":{"line":1,"column":17},"end":{"line":1,"column":36}},"1":{"start":{"line":2,"column":25},"end":{"line":2,"column":53}},"2":{"start":{"line":3,"column":23},"end":{"line":3,"column":30}},"3":{"start":{"line":7,"column":19},"end":{"line":42,"column":2}},"4":{"start":{"line":26,"column":12},"end":{"line":26,"column":72}},"5":{"start":{"line":26,"column":35},"end":{"line":26,"column":72}},"6":{"start":{"line":44,"column":0},"end":{"line":44,"column":28}}},"fnMap":{"0":{"name":"(anonymous_0)","decl":{"start":{"line":25,"column":8},"end":{"line":25,"column":9}},"loc":{"start":{"line":25,"column":24},"end":{"line":27,"column":9}},"line":25}},"branchMap":{"0":{"loc":{"start":{"line":26,"column":12},"end":{"line":26,"column":72}},"type":"if","locations":[{"start":{"line":26,"column":12},"end":{"line":26,"column":72}},{"start":{},"end":{}}],"line":26}},"s":{"0":1,"1":1,"2":1,"3":1,"4":0,"5":0,"6":1},"f":{"0":0},"b":{"0":[0,0]},"_coverageSchema":"1a1c01bbd47fc00a2c39e90264f33305004495a9","hash":"8c15087bedb248081fab814fd04a5e0cff70ec5e"}
}
