TN:
SF:connections.js
FN:7,getAllFolders
FN:13,findFolder
FN:18,findNote
FN:20,(anonymous_3)
FN:25,(anonymous_4)
FN:28,addFolder
FN:31,addNote
FN:33,(anonymous_7)
FN:36,deleteFolder
FN:44,deleteNote
FN:46,(anonymous_10)
FN:56,makeNewConnection
FN:63,(anonymous_12)
FN:66,(anonymous_13)
FN:70,(anonymous_14)
FNF:15
FNH:1
FNDA:0,getAllFolders
FNDA:0,findFolder
FNDA:0,findNote
FNDA:0,(anonymous_3)
FNDA:0,(anonymous_4)
FNDA:0,addFolder
FNDA:0,addNote
FNDA:0,(anonymous_7)
FNDA:0,deleteFolder
FNDA:0,deleteNote
FNDA:0,(anonymous_10)
FNDA:2,makeNewConnection
FNDA:0,(anonymous_12)
FNDA:0,(anonymous_13)
FNDA:0,(anonymous_14)
DA:1,1
DA:2,1
DA:3,1
DA:4,1
DA:5,1
DA:8,0
DA:9,0
DA:10,0
DA:14,0
DA:15,0
DA:16,0
DA:19,0
DA:20,0
DA:22,0
DA:23,0
DA:25,0
DA:29,0
DA:32,0
DA:33,0
DA:37,0
DA:38,0
DA:39,0
DA:40,0
DA:45,0
DA:46,0
DA:48,0
DA:49,0
DA:50,0
DA:51,0
DA:57,2
DA:63,2
DA:64,0
DA:66,2
DA:67,0
DA:70,0
DA:71,0
DA:74,2
DA:77,1
DA:85,1
DA:93,1
DA:94,1
DA:96,1
LF:42
LH:14
BRDA:22,0,0,0
BRDA:22,0,1,0
BRDA:38,1,0,0
BRDA:38,1,1,0
BRDA:49,2,0,0
BRDA:49,2,1,0
BRF:6
BRH:0
end_of_record
TN:
SF:Database/Models/folderSchema.js
FNF:0
FNH:0
DA:1,1
DA:2,1
DA:3,1
DA:5,1
DA:26,1
LF:5
LH:5
BRF:0
BRH:0
end_of_record
TN:
SF:Database/Models/noteSchema.js
FN:25,(anonymous_0)
FNF:1
FNH:0
FNDA:0,(anonymous_0)
DA:1,1
DA:2,1
DA:3,1
DA:7,1
DA:26,0
DA:44,1
LF:6
LH:5
BRDA:26,0,0,0
BRDA:26,0,1,0
BRF:2
BRH:0
end_of_record
